<?xml version="1.0" encoding="UTF-8"?>
<testsuite name="Test1" tests="1" skipped="0" failures="0" errors="0" timestamp="2017-02-07T16:40:18" hostname="GGIECSOFWRK151" time="0.367">
  <properties/>
  <testcase name="test" classname="Test1" time="0.367"/>
  <system-out><![CDATA[]]></system-out>
  <system-err><![CDATA[]]></system-err>
</testsuite>
