<?xml version="1.0" encoding="UTF-8"?>
<testsuite name="Test3" tests="1" skipped="0" failures="0" errors="0" timestamp="2017-02-07T16:55:46" hostname="GGIECSOFWRK151" time="0.0">
  <properties/>
  <testcase name="test" classname="Test3" time="0.0"/>
  <system-out><![CDATA[]]></system-out>
  <system-err><![CDATA[]]></system-err>
</testsuite>
