<?xml version="1.0" encoding="UTF-8"?>
<testsuite name="TestSumador" tests="1" skipped="0" failures="0" errors="0" timestamp="2017-02-07T17:53:54" hostname="GGIECSOFWRK151" time="0.001">
  <properties/>
  <testcase name="test" classname="TestSumador" time="0.001"/>
  <system-out><![CDATA[]]></system-out>
  <system-err><![CDATA[]]></system-err>
</testsuite>
